[ INFO] [2020-11-08] [20:20:02,691] [x800018040] .main - ### Starting ###
[ INFO] [2020-11-08] [20:21:26,016] [x800018040] .main - ### Starting ###
[ INFO] [2020-11-08] [20:25:37,560] [x800018040] .main - ### Starting ###
[ INFO] [2020-11-08] [20:44:39,360] [x800018040] .main - ### Starting ###
[ INFO] [2020-11-08] [20:45:07,192] [x800018040] .main - ### Starting ###
[ INFO] [2020-11-08] [21:07:36,515] [x800018040] .main - ### Starting ###
[ INFO] [2020-11-08] [21:07:47,613] [x800018040] .main - ### Starting ###
[ INFO] [2020-11-08] [21:08:13,857] [x800018040] .main - ### Starting ###
[ INFO] [2020-11-09] [00:44:37,982] [x800018040] .main - ### Starting ###
[ INFO] [2020-11-10] [00:10:22,764] [x800018040] .main - ### Starting ###
[ INFO] [2020-11-15] [03:50:58,699] [x800018040] .main - ### Starting ###
[ INFO] [2020-11-15] [03:53:28,147] [x800018040] .main - ### Starting ###
[ INFO] [2020-11-15] [03:56:39,128] [x800018040] .main - ### Starting ###
[ INFO] [2020-11-15] [04:00:28,001] [x800018040] .main - ### Starting ###
[ INFO] [2020-11-15] [04:06:51,828] [x800018040] .main - ### Starting ###
[ INFO] [2020-11-15] [04:12:59,774] [x800018040] .main - ### Starting ###
[ INFO] [2020-11-15] [04:13:53,188] [x800018040] .main - ### Starting ###
[ INFO] [2020-11-15] [04:19:08,646] [x800018040] .main - ### Starting ###
[ INFO] [2020-11-15] [04:19:31,963] [x800018040] .main - ### Starting ###
[ INFO] [2020-11-15] [04:33:45,409] [x800018040] .main - ### Starting ###
[ INFO] [2020-11-15] [04:35:14,242] [x800018040] .main - ### Starting ###
[ INFO] [2020-11-15] [04:35:14,243] [x80009b8d0] Galaxy.galaxyWorker - tick 1
[ INFO] [2020-11-15] [04:35:14,292] [x8000acbb0] StarSystem.update - starsystem a
[ INFO] [2020-11-15] [04:35:14,293] [x80009b6b0] StarSystem.update - starsystem b
[ INFO] [2020-11-15] [04:35:14,342] [x8000acbb0] StarSystem.update - starsystem a
[ INFO] [2020-11-15] [04:35:14,343] [x80009b6b0] StarSystem.update - starsystem b
[ INFO] [2020-11-15] [04:35:14,392] [x8000acbb0] StarSystem.update - starsystem c
[ INFO] [2020-11-15] [04:35:15,342] [x80009b8d0] Galaxy.galaxyWorker - tick 2
[ INFO] [2020-11-15] [04:35:15,392] [x80009b6b0] StarSystem.update - starsystem b
[ INFO] [2020-11-15] [04:35:15,392] [x8000acbb0] StarSystem.update - starsystem a
[ INFO] [2020-11-15] [04:35:15,442] [x80009b6b0] StarSystem.update - starsystem c
[ INFO] [2020-11-15] [04:35:16,344] [x80009b8d0] Galaxy.galaxyWorker - tick 3
[ INFO] [2020-11-15] [04:35:16,394] [x80009b6b0] StarSystem.update - starsystem b
[ INFO] [2020-11-15] [04:35:16,394] [x8000acbb0] StarSystem.update - starsystem a
[ INFO] [2020-11-15] [04:35:16,444] [x80009b6b0] StarSystem.update - starsystem c
[ INFO] [2020-11-15] [04:35:17,344] [x80009b8d0] Galaxy.galaxyWorker - tick 4
[ INFO] [2020-11-15] [04:35:17,394] [x80009b6b0] StarSystem.update - starsystem b
[ INFO] [2020-11-15] [04:35:17,394] [x8000acbb0] StarSystem.update - starsystem a
[ INFO] [2020-11-15] [04:35:17,444] [x80009b6b0] StarSystem.update - starsystem c
[ INFO] [2020-11-15] [04:35:18,344] [x80009b8d0] Galaxy.galaxyWorker - tick 5
[ INFO] [2020-11-15] [04:35:18,394] [x80009b6b0] StarSystem.update - starsystem b
[ INFO] [2020-11-15] [04:35:18,394] [x8000acbb0] StarSystem.update - starsystem a
[ INFO] [2020-11-15] [04:35:18,444] [x80009b6b0] StarSystem.update - starsystem c
[ INFO] [2020-11-15] [04:35:19,344] [x80009b8d0] Galaxy.galaxyWorker - tick 6
[ INFO] [2020-11-15] [04:35:19,394] [x80009b6b0] StarSystem.update - starsystem a
[ INFO] [2020-11-15] [04:35:19,394] [x8000acbb0] StarSystem.update - starsystem b
[ INFO] [2020-11-15] [04:35:19,444] [x80009b6b0] StarSystem.update - starsystem c
[ INFO] [2020-11-15] [04:35:20,344] [x80009b8d0] Galaxy.galaxyWorker - tick 7
[ INFO] [2020-11-15] [04:35:20,394] [x8000acbb0] StarSystem.update - starsystem b
[ INFO] [2020-11-15] [04:35:20,394] [x80009b6b0] StarSystem.update - starsystem a
[ INFO] [2020-11-15] [04:35:20,444] [x8000acbb0] StarSystem.update - starsystem c
[ INFO] [2020-11-15] [04:35:21,344] [x80009b8d0] Galaxy.galaxyWorker - tick 8
[ INFO] [2020-11-15] [04:35:21,394] [x80009b6b0] StarSystem.update - starsystem a
[ INFO] [2020-11-15] [04:35:21,394] [x8000acbb0] StarSystem.update - starsystem b
[ INFO] [2020-11-15] [04:35:21,444] [x80009b6b0] StarSystem.update - starsystem c
[ INFO] [2020-11-15] [04:35:22,344] [x80009b8d0] Galaxy.galaxyWorker - tick 9
[ INFO] [2020-11-15] [04:35:22,394] [x80009b6b0] StarSystem.update - starsystem a
[ INFO] [2020-11-15] [04:35:22,394] [x8000acbb0] StarSystem.update - starsystem b
[ INFO] [2020-11-15] [04:35:22,444] [x80009b6b0] StarSystem.update - starsystem c
[ INFO] [2020-11-15] [04:35:23,343] [x80009b8d0] Galaxy.galaxyWorker - tick 10
[ INFO] [2020-11-15] [04:35:23,393] [x80009b6b0] StarSystem.update - starsystem a
[ INFO] [2020-11-15] [04:35:23,393] [x8000acbb0] StarSystem.update - starsystem b
[ INFO] [2020-11-15] [04:35:23,443] [x80009b6b0] StarSystem.update - starsystem c
[ INFO] [2020-11-15] [04:35:24,343] [x80009b8d0] Galaxy.galaxyWorker - tick 11
[ INFO] [2020-11-15] [04:35:24,393] [x8000acbb0] StarSystem.update - starsystem b
[ INFO] [2020-11-15] [04:35:24,393] [x80009b6b0] StarSystem.update - starsystem a
[ INFO] [2020-11-15] [04:35:24,443] [x8000acbb0] StarSystem.update - starsystem c
[ INFO] [2020-11-15] [04:35:25,343] [x80009b8d0] Galaxy.galaxyWorker - tick 12
[ INFO] [2020-11-15] [04:35:25,393] [x80009b6b0] StarSystem.update - starsystem b
[ INFO] [2020-11-15] [04:35:25,393] [x8000acbb0] StarSystem.update - starsystem a
[ INFO] [2020-11-15] [04:35:25,443] [x80009b6b0] StarSystem.update - starsystem c
[ INFO] [2020-11-15] [04:35:26,343] [x80009b8d0] Galaxy.galaxyWorker - tick 13
[ INFO] [2020-11-15] [04:35:26,393] [x80009b6b0] StarSystem.update - starsystem a
[ INFO] [2020-11-15] [04:35:26,393] [x8000acbb0] StarSystem.update - starsystem b
[ INFO] [2020-11-15] [04:35:26,443] [x80009b6b0] StarSystem.update - starsystem c
[ INFO] [2020-11-15] [04:35:27,343] [x80009b8d0] Galaxy.galaxyWorker - tick 14
[ INFO] [2020-11-15] [04:35:27,393] [x8000acbb0] StarSystem.update - starsystem b
[ INFO] [2020-11-15] [04:35:27,393] [x80009b6b0] StarSystem.update - starsystem a
[ INFO] [2020-11-15] [04:35:27,443] [x8000acbb0] StarSystem.update - starsystem c
[ INFO] [2020-11-15] [04:35:28,343] [x80009b8d0] Galaxy.galaxyWorker - tick 15
[ INFO] [2020-11-15] [04:35:28,393] [x80009b6b0] StarSystem.update - starsystem b
[ INFO] [2020-11-15] [04:35:28,393] [x8000acbb0] StarSystem.update - starsystem a
[ INFO] [2020-11-15] [04:35:28,443] [x80009b6b0] StarSystem.update - starsystem c
[ INFO] [2020-11-15] [04:35:29,343] [x80009b8d0] Galaxy.galaxyWorker - tick 16
[ INFO] [2020-11-15] [04:35:29,393] [x80009b6b0] StarSystem.update - starsystem a
[ INFO] [2020-11-15] [04:35:29,393] [x8000acbb0] StarSystem.update - starsystem b
[ INFO] [2020-11-15] [04:35:29,443] [x80009b6b0] StarSystem.update - starsystem c
[ INFO] [2020-11-15] [04:36:12,950] [x800018040] .main - ### Starting ###
[ INFO] [2020-11-15] [04:36:12,951] [x8000adac0] Galaxy.galaxyWorker - tick 1
[ INFO] [2020-11-15] [04:36:13,001] [x8000accc0] StarSystem.update - starsystem a
[ INFO] [2020-11-15] [04:36:13,001] [x80009b6c0] StarSystem.update - starsystem b
[ INFO] [2020-11-15] [04:36:13,051] [x80009b6c0] StarSystem.update - starsystem b
[ INFO] [2020-11-15] [04:36:13,051] [x8000accc0] StarSystem.update - starsystem a
[ INFO] [2020-11-15] [04:36:13,101] [x80009b6c0] StarSystem.update - starsystem c
[ INFO] [2020-11-15] [04:36:14,050] [x8000adac0] Galaxy.galaxyWorker - tick 2
[ INFO] [2020-11-15] [04:36:14,100] [x8000accc0] StarSystem.update - starsystem b
[ INFO] [2020-11-15] [04:36:14,100] [x80009b6c0] StarSystem.update - starsystem a
[ INFO] [2020-11-15] [04:36:14,150] [x8000accc0] StarSystem.update - starsystem c
[ INFO] [2020-11-15] [04:36:15,051] [x8000adac0] Galaxy.galaxyWorker - tick 3
[ INFO] [2020-11-15] [04:36:15,101] [x80009b6c0] StarSystem.update - starsystem b
[ INFO] [2020-11-15] [04:36:15,101] [x8000accc0] StarSystem.update - starsystem a
[ INFO] [2020-11-15] [04:36:15,151] [x80009b6c0] StarSystem.update - starsystem c
[ INFO] [2020-11-15] [04:36:16,051] [x8000adac0] Galaxy.galaxyWorker - tick 4
[ INFO] [2020-11-15] [04:36:16,101] [x80009b6c0] StarSystem.update - starsystem a
[ INFO] [2020-11-15] [04:36:16,101] [x8000accc0] StarSystem.update - starsystem b
[ INFO] [2020-11-15] [04:36:16,151] [x80009b6c0] StarSystem.update - starsystem c
[ INFO] [2020-11-15] [04:36:17,051] [x8000adac0] Galaxy.galaxyWorker - tick 5
[ INFO] [2020-11-15] [04:36:17,101] [x8000accc0] StarSystem.update - starsystem a
[ INFO] [2020-11-15] [04:36:17,101] [x80009b6c0] StarSystem.update - starsystem b
[ INFO] [2020-11-15] [04:36:17,151] [x8000accc0] StarSystem.update - starsystem c
[ INFO] [2020-11-15] [04:36:18,051] [x8000adac0] Galaxy.galaxyWorker - tick 6
[ INFO] [2020-11-15] [04:36:18,101] [x8000accc0] StarSystem.update - starsystem a
[ INFO] [2020-11-15] [04:36:18,101] [x80009b6c0] StarSystem.update - starsystem b
[ INFO] [2020-11-15] [04:36:18,151] [x8000accc0] StarSystem.update - starsystem c
[ INFO] [2020-11-15] [04:36:19,051] [x8000adac0] Galaxy.galaxyWorker - tick 7
[ INFO] [2020-11-15] [04:36:19,101] [x80009b6c0] StarSystem.update - starsystem b
[ INFO] [2020-11-15] [04:36:19,101] [x8000accc0] StarSystem.update - starsystem a
[ INFO] [2020-11-15] [04:36:19,151] [x80009b6c0] StarSystem.update - starsystem c
[ INFO] [2020-11-15] [04:36:20,051] [x8000adac0] Galaxy.galaxyWorker - tick 8
[ INFO] [2020-11-15] [04:36:20,101] [x8000accc0] StarSystem.update - starsystem b
[ INFO] [2020-11-15] [04:36:20,101] [x80009b6c0] StarSystem.update - starsystem a
[ INFO] [2020-11-15] [04:36:20,151] [x8000accc0] StarSystem.update - starsystem c
[ INFO] [2020-11-15] [04:36:21,051] [x8000adac0] Galaxy.galaxyWorker - tick 9
[ INFO] [2020-11-15] [04:36:21,101] [x80009b6c0] StarSystem.update - starsystem b
[ INFO] [2020-11-15] [04:36:21,101] [x8000accc0] StarSystem.update - starsystem a
[ INFO] [2020-11-15] [04:36:21,151] [x80009b6c0] StarSystem.update - starsystem c
[ INFO] [2020-11-15] [04:40:41,033] [x800018040] .main - ### Starting ###
[ INFO] [2020-11-15] [04:40:41,034] [x80009b8d0] Galaxy.galaxyWorker - tick 1
[ WARN] [2020-11-15] [04:40:41,034] [x80009b8d0] .setThreadPriority - Failed to set thread priority: ENOTSUP Attempt was made to set the policy or scheduling parameters to an unsupported value
[ INFO] [2020-11-15] [04:40:41,084] [x8000acbb0] StarSystem.update - starsystem a
[ INFO] [2020-11-15] [04:40:41,084] [x80009b6b0] StarSystem.update - starsystem b
[ INFO] [2020-11-15] [04:40:41,134] [x80009b6b0] StarSystem.update - starsystem b
[ INFO] [2020-11-15] [04:40:41,134] [x8000acbb0] StarSystem.update - starsystem a
[ WARN] [2020-11-15] [04:40:41,134] [x80009b8d0] .setThreadPriority - Failed to set thread priority: ENOTSUP Attempt was made to set the policy or scheduling parameters to an unsupported value
[ INFO] [2020-11-15] [04:40:41,184] [x80009b6b0] StarSystem.update - starsystem c
[ INFO] [2020-11-15] [04:40:42,133] [x80009b8d0] Galaxy.galaxyWorker - tick 2
[ WARN] [2020-11-15] [04:40:42,133] [x80009b8d0] .setThreadPriority - Failed to set thread priority: ENOTSUP Attempt was made to set the policy or scheduling parameters to an unsupported value
[ INFO] [2020-11-15] [04:40:42,183] [x80009b6b0] StarSystem.update - starsystem a
[ INFO] [2020-11-15] [04:40:42,183] [x8000acbb0] StarSystem.update - starsystem b
[ INFO] [2020-11-15] [04:40:42,233] [x80009b6b0] StarSystem.update - starsystem c
[ WARN] [2020-11-15] [04:40:42,233] [x80009b8d0] .setThreadPriority - Failed to set thread priority: ENOTSUP Attempt was made to set the policy or scheduling parameters to an unsupported value
[ INFO] [2020-11-15] [04:40:43,134] [x80009b8d0] Galaxy.galaxyWorker - tick 3
[ WARN] [2020-11-15] [04:40:43,134] [x80009b8d0] .setThreadPriority - Failed to set thread priority: ENOTSUP Attempt was made to set the policy or scheduling parameters to an unsupported value
[ INFO] [2020-11-15] [04:40:43,184] [x8000acbb0] StarSystem.update - starsystem a
[ INFO] [2020-11-15] [04:40:43,184] [x80009b6b0] StarSystem.update - starsystem b
[ INFO] [2020-11-15] [04:40:43,234] [x8000acbb0] StarSystem.update - starsystem c
[ WARN] [2020-11-15] [04:40:43,234] [x80009b8d0] .setThreadPriority - Failed to set thread priority: ENOTSUP Attempt was made to set the policy or scheduling parameters to an unsupported value
[ INFO] [2020-11-15] [04:40:44,134] [x80009b8d0] Galaxy.galaxyWorker - tick 4
[ WARN] [2020-11-15] [04:40:44,134] [x80009b8d0] .setThreadPriority - Failed to set thread priority: ENOTSUP Attempt was made to set the policy or scheduling parameters to an unsupported value
[ INFO] [2020-11-15] [04:40:44,184] [x80009b6b0] StarSystem.update - starsystem a
[ INFO] [2020-11-15] [04:40:44,184] [x8000acbb0] StarSystem.update - starsystem b
[ INFO] [2020-11-15] [04:40:44,234] [x80009b6b0] StarSystem.update - starsystem c
[ WARN] [2020-11-15] [04:40:44,234] [x80009b8d0] .setThreadPriority - Failed to set thread priority: ENOTSUP Attempt was made to set the policy or scheduling parameters to an unsupported value
[ INFO] [2020-11-15] [04:40:45,134] [x80009b8d0] Galaxy.galaxyWorker - tick 5
[ WARN] [2020-11-15] [04:40:45,134] [x80009b8d0] .setThreadPriority - Failed to set thread priority: ENOTSUP Attempt was made to set the policy or scheduling parameters to an unsupported value
[ INFO] [2020-11-15] [04:40:45,184] [x80009b6b0] StarSystem.update - starsystem b
[ INFO] [2020-11-15] [04:40:45,184] [x8000acbb0] StarSystem.update - starsystem a
[ INFO] [2020-11-15] [04:40:45,234] [x80009b6b0] StarSystem.update - starsystem c
[ WARN] [2020-11-15] [04:40:45,234] [x80009b8d0] .setThreadPriority - Failed to set thread priority: ENOTSUP Attempt was made to set the policy or scheduling parameters to an unsupported value
[ INFO] [2020-11-15] [04:40:46,134] [x80009b8d0] Galaxy.galaxyWorker - tick 6
[ WARN] [2020-11-15] [04:40:46,134] [x80009b8d0] .setThreadPriority - Failed to set thread priority: ENOTSUP Attempt was made to set the policy or scheduling parameters to an unsupported value
[ INFO] [2020-11-15] [04:40:46,184] [x80009b6b0] StarSystem.update - starsystem b
[ INFO] [2020-11-15] [04:40:46,184] [x8000acbb0] StarSystem.update - starsystem a
[ INFO] [2020-11-15] [04:40:46,234] [x80009b6b0] StarSystem.update - starsystem c
[ WARN] [2020-11-15] [04:40:46,234] [x80009b8d0] .setThreadPriority - Failed to set thread priority: ENOTSUP Attempt was made to set the policy or scheduling parameters to an unsupported value
[ INFO] [2020-11-15] [04:40:47,135] [x80009b8d0] Galaxy.galaxyWorker - tick 7
[ WARN] [2020-11-15] [04:40:47,135] [x80009b8d0] .setThreadPriority - Failed to set thread priority: ENOTSUP Attempt was made to set the policy or scheduling parameters to an unsupported value
[ INFO] [2020-11-15] [04:40:47,185] [x80009b6b0] StarSystem.update - starsystem a
[ INFO] [2020-11-15] [04:40:47,185] [x8000acbb0] StarSystem.update - starsystem b
[ INFO] [2020-11-15] [04:40:47,235] [x80009b6b0] StarSystem.update - starsystem c
[ WARN] [2020-11-15] [04:40:47,235] [x80009b8d0] .setThreadPriority - Failed to set thread priority: ENOTSUP Attempt was made to set the policy or scheduling parameters to an unsupported value
[ INFO] [2020-11-15] [04:40:48,135] [x80009b8d0] Galaxy.galaxyWorker - tick 8
[ WARN] [2020-11-15] [04:40:48,135] [x80009b8d0] .setThreadPriority - Failed to set thread priority: ENOTSUP Attempt was made to set the policy or scheduling parameters to an unsupported value
[ INFO] [2020-11-15] [04:40:48,185] [x80009b6b0] StarSystem.update - starsystem a
[ INFO] [2020-11-15] [04:40:48,185] [x8000acbb0] StarSystem.update - starsystem b
[ INFO] [2020-11-15] [04:40:48,235] [x80009b6b0] StarSystem.update - starsystem c
[ WARN] [2020-11-15] [04:40:48,235] [x80009b8d0] .setThreadPriority - Failed to set thread priority: ENOTSUP Attempt was made to set the policy or scheduling parameters to an unsupported value
[ INFO] [2020-11-15] [04:40:49,135] [x80009b8d0] Galaxy.galaxyWorker - tick 9
[ WARN] [2020-11-15] [04:40:49,135] [x80009b8d0] .setThreadPriority - Failed to set thread priority: ENOTSUP Attempt was made to set the policy or scheduling parameters to an unsupported value
[ INFO] [2020-11-15] [04:40:49,185] [x80009b6b0] StarSystem.update - starsystem b
[ INFO] [2020-11-15] [04:40:49,185] [x8000acbb0] StarSystem.update - starsystem a
[ INFO] [2020-11-15] [04:40:49,235] [x80009b6b0] StarSystem.update - starsystem c
[ WARN] [2020-11-15] [04:40:49,235] [x80009b8d0] .setThreadPriority - Failed to set thread priority: ENOTSUP Attempt was made to set the policy or scheduling parameters to an unsupported value
[ INFO] [2020-11-15] [04:40:50,135] [x80009b8d0] Galaxy.galaxyWorker - tick 10
[ WARN] [2020-11-15] [04:40:50,135] [x80009b8d0] .setThreadPriority - Failed to set thread priority: ENOTSUP Attempt was made to set the policy or scheduling parameters to an unsupported value
[ INFO] [2020-11-15] [04:40:50,185] [x80009b6b0] StarSystem.update - starsystem a
[ INFO] [2020-11-15] [04:40:50,185] [x8000acbb0] StarSystem.update - starsystem b
[ INFO] [2020-11-15] [04:40:50,235] [x80009b6b0] StarSystem.update - starsystem c
[ WARN] [2020-11-15] [04:40:50,235] [x80009b8d0] .setThreadPriority - Failed to set thread priority: ENOTSUP Attempt was made to set the policy or scheduling parameters to an unsupported value
[FATAL] [2020-11-15] [04:41:44,076] [x800018040] .main - ### Starting ###
[ INFO] [2020-11-15] [04:41:44,077] [x80009b8d0] Galaxy.galaxyWorker - tick 1
[ WARN] [2020-11-15] [04:41:44,077] [x80009b8d0] .setThreadPriority - Failed to set thread priority: ENOTSUP Attempt was made to set the policy or scheduling parameters to an unsupported value
[ INFO] [2020-11-15] [04:41:44,127] [x8000acbb0] StarSystem.update - starsystem a
[ INFO] [2020-11-15] [04:41:44,127] [x80009b6b0] StarSystem.update - starsystem b
[ INFO] [2020-11-15] [04:41:44,177] [x8000acbb0] StarSystem.update - starsystem a
[ INFO] [2020-11-15] [04:41:44,177] [x80009b6b0] StarSystem.update - starsystem b
[ WARN] [2020-11-15] [04:41:44,177] [x80009b8d0] .setThreadPriority - Failed to set thread priority: ENOTSUP Attempt was made to set the policy or scheduling parameters to an unsupported value
[ INFO] [2020-11-15] [04:41:44,227] [x8000acbb0] StarSystem.update - starsystem c
[ INFO] [2020-11-15] [04:41:45,176] [x80009b8d0] Galaxy.galaxyWorker - tick 2
[ WARN] [2020-11-15] [04:41:45,176] [x80009b8d0] .setThreadPriority - Failed to set thread priority: ENOTSUP Attempt was made to set the policy or scheduling parameters to an unsupported value
[ INFO] [2020-11-15] [04:41:45,226] [x80009b6b0] StarSystem.update - starsystem b
[ INFO] [2020-11-15] [04:41:45,226] [x8000acbb0] StarSystem.update - starsystem a
[ INFO] [2020-11-15] [04:41:45,276] [x80009b6b0] StarSystem.update - starsystem c
[ WARN] [2020-11-15] [04:41:45,276] [x80009b8d0] .setThreadPriority - Failed to set thread priority: ENOTSUP Attempt was made to set the policy or scheduling parameters to an unsupported value
[ INFO] [2020-11-15] [04:41:46,177] [x80009b8d0] Galaxy.galaxyWorker - tick 3
[ WARN] [2020-11-15] [04:41:46,177] [x80009b8d0] .setThreadPriority - Failed to set thread priority: ENOTSUP Attempt was made to set the policy or scheduling parameters to an unsupported value
[ INFO] [2020-11-15] [04:41:46,227] [x80009b6b0] StarSystem.update - starsystem a
[ INFO] [2020-11-15] [04:41:46,227] [x8000acbb0] StarSystem.update - starsystem b
[ INFO] [2020-11-15] [04:41:46,277] [x80009b6b0] StarSystem.update - starsystem c
[ WARN] [2020-11-15] [04:41:46,277] [x80009b8d0] .setThreadPriority - Failed to set thread priority: ENOTSUP Attempt was made to set the policy or scheduling parameters to an unsupported value
[ INFO] [2020-11-15] [04:41:47,177] [x80009b8d0] Galaxy.galaxyWorker - tick 4
[ WARN] [2020-11-15] [04:41:47,177] [x80009b8d0] .setThreadPriority - Failed to set thread priority: ENOTSUP Attempt was made to set the policy or scheduling parameters to an unsupported value
[ INFO] [2020-11-15] [04:41:47,227] [x8000acbb0] StarSystem.update - starsystem a
[ INFO] [2020-11-15] [04:41:47,227] [x80009b6b0] StarSystem.update - starsystem b
[ INFO] [2020-11-15] [04:41:47,277] [x8000acbb0] StarSystem.update - starsystem c
[ WARN] [2020-11-15] [04:41:47,277] [x80009b8d0] .setThreadPriority - Failed to set thread priority: ENOTSUP Attempt was made to set the policy or scheduling parameters to an unsupported value
[ INFO] [2020-11-15] [04:41:48,177] [x80009b8d0] Galaxy.galaxyWorker - tick 5
[ WARN] [2020-11-15] [04:41:48,177] [x80009b8d0] .setThreadPriority - Failed to set thread priority: ENOTSUP Attempt was made to set the policy or scheduling parameters to an unsupported value
[ INFO] [2020-11-15] [04:41:48,227] [x8000acbb0] StarSystem.update - starsystem a
[ INFO] [2020-11-15] [04:41:48,227] [x80009b6b0] StarSystem.update - starsystem b
[ INFO] [2020-11-15] [04:41:48,277] [x8000acbb0] StarSystem.update - starsystem c
[ WARN] [2020-11-15] [04:41:48,277] [x80009b8d0] .setThreadPriority - Failed to set thread priority: ENOTSUP Attempt was made to set the policy or scheduling parameters to an unsupported value
[ INFO] [2020-11-15] [04:41:49,177] [x80009b8d0] Galaxy.galaxyWorker - tick 6
[ WARN] [2020-11-15] [04:41:49,177] [x80009b8d0] .setThreadPriority - Failed to set thread priority: ENOTSUP Attempt was made to set the policy or scheduling parameters to an unsupported value
[ INFO] [2020-11-15] [04:41:49,227] [x8000acbb0] StarSystem.update - starsystem a
[ INFO] [2020-11-15] [04:41:49,227] [x80009b6b0] StarSystem.update - starsystem b
[ INFO] [2020-11-15] [04:41:49,277] [x8000acbb0] StarSystem.update - starsystem c
[ WARN] [2020-11-15] [04:41:49,277] [x80009b8d0] .setThreadPriority - Failed to set thread priority: ENOTSUP Attempt was made to set the policy or scheduling parameters to an unsupported value
[ INFO] [2020-11-15] [04:41:50,177] [x80009b8d0] Galaxy.galaxyWorker - tick 7
[ WARN] [2020-11-15] [04:41:50,177] [x80009b8d0] .setThreadPriority - Failed to set thread priority: ENOTSUP Attempt was made to set the policy or scheduling parameters to an unsupported value
[ INFO] [2020-11-15] [04:41:50,227] [x80009b6b0] StarSystem.update - starsystem b
[ INFO] [2020-11-15] [04:41:50,227] [x8000acbb0] StarSystem.update - starsystem a
[ INFO] [2020-11-15] [04:41:50,277] [x80009b6b0] StarSystem.update - starsystem c
[ WARN] [2020-11-15] [04:41:50,277] [x80009b8d0] .setThreadPriority - Failed to set thread priority: ENOTSUP Attempt was made to set the policy or scheduling parameters to an unsupported value
[FATAL] [2020-11-15] [04:44:34,414] [x800018040] .main - ### Starting ###
[ INFO] [2020-11-15] [04:44:34,416] [x8000a59e0] Galaxy.galaxyWorker - tick 1
[ INFO] [2020-11-15] [04:44:37,977] [x8000935e0] StarSystem.update - starsystem b
[ INFO] [2020-11-15] [04:44:37,977] [x8000a4be0] StarSystem.update - starsystem a
[ WARN] [2020-11-15] [04:44:37,977] [x8000a59e0] .setThreadPriority - Failed to set thread priority: ENOTSUP Attempt was made to set the policy or scheduling parameters to an unsupported value
[ INFO] [2020-11-15] [04:44:38,030] [x8000a4be0] StarSystem.update - starsystem b
[ INFO] [2020-11-15] [04:44:38,030] [x8000935e0] StarSystem.update - starsystem a
[ WARN] [2020-11-15] [04:44:57,434] [x8000a59e0] .setThreadPriority - Failed to set thread priority: ENOTSUP Attempt was made to set the policy or scheduling parameters to an unsupported value
[ INFO] [2020-11-15] [04:44:57,434] [x8000a4be0] StarSystem.update - starsystem c
[ INFO] [2020-11-15] [04:44:58,434] [x8000a59e0] Galaxy.galaxyWorker - tick 2
[ WARN] [2020-11-15] [04:45:02,945] [x8000a59e0] .setThreadPriority - Failed to set thread priority: ENOTSUP Attempt was made to set the policy or scheduling parameters to an unsupported value
[ INFO] [2020-11-15] [04:45:02,995] [x8000935e0] StarSystem.update - starsystem a
[ INFO] [2020-11-15] [04:45:02,995] [x8000a4be0] StarSystem.update - starsystem b
[ INFO] [2020-11-15] [04:45:03,045] [x8000935e0] StarSystem.update - starsystem c
[ WARN] [2020-11-15] [04:45:08,356] [x8000a59e0] .setThreadPriority - Failed to set thread priority: ENOTSUP Attempt was made to set the policy or scheduling parameters to an unsupported value
[ INFO] [2020-11-15] [04:45:08,356] [x8000a59e0] Galaxy.galaxyWorker - tick 3
[ INFO] [2020-11-15] [04:45:11,033] [x8000935e0] StarSystem.update - starsystem a
[ WARN] [2020-11-15] [04:45:11,033] [x8000a59e0] .setThreadPriority - Failed to set thread priority: ENOTSUP Attempt was made to set the policy or scheduling parameters to an unsupported value
[ INFO] [2020-11-15] [04:45:11,081] [x8000a4be0] StarSystem.update - starsystem b
[ INFO] [2020-11-15] [04:45:11,083] [x8000935e0] StarSystem.update - starsystem c
[ WARN] [2020-11-15] [04:45:22,533] [x8000a59e0] .setThreadPriority - Failed to set thread priority: ENOTSUP Attempt was made to set the policy or scheduling parameters to an unsupported value
[ INFO] [2020-11-15] [04:45:22,533] [x8000a59e0] Galaxy.galaxyWorker - tick 4
[ INFO] [2020-11-15] [04:45:23,510] [x8000935e0] StarSystem.update - starsystem a
[ INFO] [2020-11-15] [04:45:23,510] [x8000a4be0] StarSystem.update - starsystem b
[ WARN] [2020-11-15] [04:45:23,510] [x8000a59e0] .setThreadPriority - Failed to set thread priority: ENOTSUP Attempt was made to set the policy or scheduling parameters to an unsupported value
[ INFO] [2020-11-15] [04:45:23,560] [x8000935e0] StarSystem.update - starsystem c
[ WARN] [2020-11-15] [04:45:24,449] [x8000a59e0] .setThreadPriority - Failed to set thread priority: ENOTSUP Attempt was made to set the policy or scheduling parameters to an unsupported value
[ INFO] [2020-11-15] [04:45:24,449] [x8000a59e0] Galaxy.galaxyWorker - tick 5
[ INFO] [2020-11-15] [04:45:25,350] [x8000a4be0] StarSystem.update - starsystem a
[ WARN] [2020-11-15] [04:45:25,350] [x8000a59e0] .setThreadPriority - Failed to set thread priority: ENOTSUP Attempt was made to set the policy or scheduling parameters to an unsupported value
[ INFO] [2020-11-15] [04:45:25,398] [x8000935e0] StarSystem.update - starsystem b
[ INFO] [2020-11-15] [04:45:25,400] [x8000a4be0] StarSystem.update - starsystem c
[ WARN] [2020-11-15] [04:45:26,228] [x8000a59e0] .setThreadPriority - Failed to set thread priority: ENOTSUP Attempt was made to set the policy or scheduling parameters to an unsupported value
[ INFO] [2020-11-15] [04:45:26,228] [x8000a59e0] Galaxy.galaxyWorker - tick 6
[ INFO] [2020-11-15] [04:45:26,979] [x8000935e0] StarSystem.update - starsystem a
[ WARN] [2020-11-15] [04:45:26,979] [x8000a59e0] .setThreadPriority - Failed to set thread priority: ENOTSUP Attempt was made to set the policy or scheduling parameters to an unsupported value
[ INFO] [2020-11-15] [04:45:27,027] [x8000a4be0] StarSystem.update - starsystem b
[ INFO] [2020-11-15] [04:45:27,029] [x8000935e0] StarSystem.update - starsystem c
[ WARN] [2020-11-15] [04:45:27,574] [x8000a59e0] .setThreadPriority - Failed to set thread priority: ENOTSUP Attempt was made to set the policy or scheduling parameters to an unsupported value
[ INFO] [2020-11-15] [04:45:27,574] [x8000a59e0] Galaxy.galaxyWorker - tick 7
[ INFO] [2020-11-15] [04:45:28,194] [x8000a4be0] StarSystem.update - starsystem a
[ INFO] [2020-11-15] [04:45:28,194] [x8000935e0] StarSystem.update - starsystem b
[ WARN] [2020-11-15] [04:45:28,195] [x8000a59e0] .setThreadPriority - Failed to set thread priority: ENOTSUP Attempt was made to set the policy or scheduling parameters to an unsupported value
[ INFO] [2020-11-15] [04:45:28,245] [x8000a4be0] StarSystem.update - starsystem c
[ WARN] [2020-11-15] [04:45:28,758] [x8000a59e0] .setThreadPriority - Failed to set thread priority: ENOTSUP Attempt was made to set the policy or scheduling parameters to an unsupported value
[ INFO] [2020-11-15] [04:45:28,758] [x8000a59e0] Galaxy.galaxyWorker - tick 8
[ INFO] [2020-11-15] [04:45:29,297] [x8000935e0] StarSystem.update - starsystem a
[ WARN] [2020-11-15] [04:45:29,297] [x8000a59e0] .setThreadPriority - Failed to set thread priority: ENOTSUP Attempt was made to set the policy or scheduling parameters to an unsupported value
[ INFO] [2020-11-15] [04:45:29,346] [x8000a4be0] StarSystem.update - starsystem b
[ INFO] [2020-11-15] [04:45:29,347] [x8000935e0] StarSystem.update - starsystem c
[ WARN] [2020-11-15] [04:45:30,162] [x8000a59e0] .setThreadPriority - Failed to set thread priority: ENOTSUP Attempt was made to set the policy or scheduling parameters to an unsupported value
[ INFO] [2020-11-15] [04:45:30,162] [x8000a59e0] Galaxy.galaxyWorker - tick 9
[ INFO] [2020-11-15] [04:45:30,806] [x8000935e0] StarSystem.update - starsystem a
[ WARN] [2020-11-15] [04:45:30,806] [x8000a59e0] .setThreadPriority - Failed to set thread priority: ENOTSUP Attempt was made to set the policy or scheduling parameters to an unsupported value
[ INFO] [2020-11-15] [04:45:30,856] [x8000935e0] StarSystem.update - starsystem c
[ INFO] [2020-11-15] [04:45:30,856] [x8000a4be0] StarSystem.update - starsystem b
[ WARN] [2020-11-15] [04:45:31,381] [x8000a59e0] .setThreadPriority - Failed to set thread priority: ENOTSUP Attempt was made to set the policy or scheduling parameters to an unsupported value
[ INFO] [2020-11-15] [04:45:31,381] [x8000a59e0] Galaxy.galaxyWorker - tick 10
[ INFO] [2020-11-15] [04:45:45,096] [x8000a4be0] StarSystem.update - starsystem a
[ WARN] [2020-11-15] [04:45:45,096] [x8000a59e0] .setThreadPriority - Failed to set thread priority: ENOTSUP Attempt was made to set the policy or scheduling parameters to an unsupported value
[ INFO] [2020-11-15] [04:45:45,096] [x8000935e0] StarSystem.update - starsystem b
[ INFO] [2020-11-15] [04:45:45,146] [x8000a4be0] StarSystem.update - starsystem c
[ WARN] [2020-11-15] [04:45:45,146] [x8000a59e0] .setThreadPriority - Failed to set thread priority: ENOTSUP Attempt was made to set the policy or scheduling parameters to an unsupported value
[ INFO] [2020-11-15] [04:45:45,146] [x8000a59e0] Galaxy.galaxyWorker - tick 11
[ WARN] [2020-11-15] [04:45:45,146] [x8000a59e0] .setThreadPriority - Failed to set thread priority: ENOTSUP Attempt was made to set the policy or scheduling parameters to an unsupported value
[ INFO] [2020-11-15] [04:45:45,196] [x8000935e0] StarSystem.update - starsystem b
[ INFO] [2020-11-15] [04:45:45,196] [x8000a4be0] StarSystem.update - starsystem a
[ INFO] [2020-11-15] [04:45:45,246] [x8000935e0] StarSystem.update - starsystem c
[ WARN] [2020-11-15] [04:45:45,246] [x8000a59e0] .setThreadPriority - Failed to set thread priority: ENOTSUP Attempt was made to set the policy or scheduling parameters to an unsupported value
[ INFO] [2020-11-15] [04:45:45,246] [x8000a59e0] Galaxy.galaxyWorker - tick 12
[ WARN] [2020-11-15] [04:45:45,246] [x8000a59e0] .setThreadPriority - Failed to set thread priority: ENOTSUP Attempt was made to set the policy or scheduling parameters to an unsupported value
[ INFO] [2020-11-15] [04:45:45,296] [x8000a4be0] StarSystem.update - starsystem b
[ INFO] [2020-11-15] [04:45:45,296] [x8000935e0] StarSystem.update - starsystem a
[ INFO] [2020-11-15] [04:45:45,346] [x8000a4be0] StarSystem.update - starsystem c
[ WARN] [2020-11-15] [04:45:45,346] [x8000a59e0] .setThreadPriority - Failed to set thread priority: ENOTSUP Attempt was made to set the policy or scheduling parameters to an unsupported value
[ INFO] [2020-11-15] [04:45:45,346] [x8000a59e0] Galaxy.galaxyWorker - tick 13
[ WARN] [2020-11-15] [04:45:45,346] [x8000a59e0] .setThreadPriority - Failed to set thread priority: ENOTSUP Attempt was made to set the policy or scheduling parameters to an unsupported value
[ INFO] [2020-11-15] [04:45:45,396] [x8000a4be0] StarSystem.update - starsystem a
[ INFO] [2020-11-15] [04:45:45,396] [x8000935e0] StarSystem.update - starsystem b
[ INFO] [2020-11-15] [04:45:45,446] [x8000a4be0] StarSystem.update - starsystem c
[ WARN] [2020-11-15] [04:45:45,446] [x8000a59e0] .setThreadPriority - Failed to set thread priority: ENOTSUP Attempt was made to set the policy or scheduling parameters to an unsupported value
[ INFO] [2020-11-15] [04:45:45,446] [x8000a59e0] Galaxy.galaxyWorker - tick 14
[ WARN] [2020-11-15] [04:45:45,446] [x8000a59e0] .setThreadPriority - Failed to set thread priority: ENOTSUP Attempt was made to set the policy or scheduling parameters to an unsupported value
[ INFO] [2020-11-15] [04:45:45,496] [x8000a4be0] StarSystem.update - starsystem a
[ INFO] [2020-11-15] [04:45:45,496] [x8000935e0] StarSystem.update - starsystem b
[ INFO] [2020-11-15] [04:45:45,546] [x8000a4be0] StarSystem.update - starsystem c
[ WARN] [2020-11-15] [04:45:45,546] [x8000a59e0] .setThreadPriority - Failed to set thread priority: ENOTSUP Attempt was made to set the policy or scheduling parameters to an unsupported value
[ INFO] [2020-11-15] [04:45:45,546] [x8000a59e0] Galaxy.galaxyWorker - tick 15
[ WARN] [2020-11-15] [04:45:45,546] [x8000a59e0] .setThreadPriority - Failed to set thread priority: ENOTSUP Attempt was made to set the policy or scheduling parameters to an unsupported value
[ INFO] [2020-11-15] [04:45:45,596] [x8000935e0] StarSystem.update - starsystem b
[ INFO] [2020-11-15] [04:45:45,596] [x8000a4be0] StarSystem.update - starsystem a
[ INFO] [2020-11-15] [04:45:45,646] [x8000935e0] StarSystem.update - starsystem c
[ WARN] [2020-11-15] [04:45:45,646] [x8000a59e0] .setThreadPriority - Failed to set thread priority: ENOTSUP Attempt was made to set the policy or scheduling parameters to an unsupported value
[ INFO] [2020-11-15] [04:45:45,646] [x8000a59e0] Galaxy.galaxyWorker - tick 16
[ WARN] [2020-11-15] [04:45:45,646] [x8000a59e0] .setThreadPriority - Failed to set thread priority: ENOTSUP Attempt was made to set the policy or scheduling parameters to an unsupported value
[ INFO] [2020-11-15] [04:45:45,696] [x8000a4be0] StarSystem.update - starsystem b
[ INFO] [2020-11-15] [04:45:45,696] [x8000935e0] StarSystem.update - starsystem a
[ INFO] [2020-11-15] [04:45:45,746] [x8000a4be0] StarSystem.update - starsystem c
[ WARN] [2020-11-15] [04:45:45,746] [x8000a59e0] .setThreadPriority - Failed to set thread priority: ENOTSUP Attempt was made to set the policy or scheduling parameters to an unsupported value
[ INFO] [2020-11-15] [04:45:45,746] [x8000a59e0] Galaxy.galaxyWorker - tick 17
[ WARN] [2020-11-15] [04:45:45,746] [x8000a59e0] .setThreadPriority - Failed to set thread priority: ENOTSUP Attempt was made to set the policy or scheduling parameters to an unsupported value
[ INFO] [2020-11-15] [04:45:45,796] [x8000a4be0] StarSystem.update - starsystem b
[ INFO] [2020-11-15] [04:45:45,796] [x8000935e0] StarSystem.update - starsystem a
[ INFO] [2020-11-15] [04:45:45,846] [x8000a4be0] StarSystem.update - starsystem c
[ WARN] [2020-11-15] [04:45:45,846] [x8000a59e0] .setThreadPriority - Failed to set thread priority: ENOTSUP Attempt was made to set the policy or scheduling parameters to an unsupported value
[ INFO] [2020-11-15] [04:45:45,846] [x8000a59e0] Galaxy.galaxyWorker - tick 18
[ WARN] [2020-11-15] [04:45:45,846] [x8000a59e0] .setThreadPriority - Failed to set thread priority: ENOTSUP Attempt was made to set the policy or scheduling parameters to an unsupported value
[ INFO] [2020-11-15] [04:45:45,896] [x8000935e0] StarSystem.update - starsystem b
[ INFO] [2020-11-15] [04:45:45,896] [x8000a4be0] StarSystem.update - starsystem a
[ INFO] [2020-11-15] [04:45:45,946] [x8000935e0] StarSystem.update - starsystem c
[ WARN] [2020-11-15] [04:45:45,946] [x8000a59e0] .setThreadPriority - Failed to set thread priority: ENOTSUP Attempt was made to set the policy or scheduling parameters to an unsupported value
[ INFO] [2020-11-15] [04:45:45,946] [x8000a59e0] Galaxy.galaxyWorker - tick 19
[ WARN] [2020-11-15] [04:45:45,946] [x8000a59e0] .setThreadPriority - Failed to set thread priority: ENOTSUP Attempt was made to set the policy or scheduling parameters to an unsupported value
[ INFO] [2020-11-15] [04:45:45,996] [x8000a4be0] StarSystem.update - starsystem b
[ INFO] [2020-11-15] [04:45:45,996] [x8000935e0] StarSystem.update - starsystem a
[ INFO] [2020-11-15] [04:45:46,046] [x8000a4be0] StarSystem.update - starsystem c
[ WARN] [2020-11-15] [04:45:46,046] [x8000a59e0] .setThreadPriority - Failed to set thread priority: ENOTSUP Attempt was made to set the policy or scheduling parameters to an unsupported value
[ INFO] [2020-11-15] [04:45:46,046] [x8000a59e0] Galaxy.galaxyWorker - tick 20
[ WARN] [2020-11-15] [04:45:46,046] [x8000a59e0] .setThreadPriority - Failed to set thread priority: ENOTSUP Attempt was made to set the policy or scheduling parameters to an unsupported value
[ INFO] [2020-11-15] [04:45:46,096] [x8000935e0] StarSystem.update - starsystem b
[ INFO] [2020-11-15] [04:45:46,096] [x8000a4be0] StarSystem.update - starsystem a
[ INFO] [2020-11-15] [04:45:46,146] [x8000935e0] StarSystem.update - starsystem c
[ WARN] [2020-11-15] [04:45:46,146] [x8000a59e0] .setThreadPriority - Failed to set thread priority: ENOTSUP Attempt was made to set the policy or scheduling parameters to an unsupported value
[ INFO] [2020-11-15] [04:45:46,146] [x8000a59e0] Galaxy.galaxyWorker - tick 21
[ WARN] [2020-11-15] [04:45:46,146] [x8000a59e0] .setThreadPriority - Failed to set thread priority: ENOTSUP Attempt was made to set the policy or scheduling parameters to an unsupported value
[ INFO] [2020-11-15] [04:45:46,196] [x8000a4be0] StarSystem.update - starsystem b
[ INFO] [2020-11-15] [04:45:46,196] [x8000935e0] StarSystem.update - starsystem a
[ INFO] [2020-11-15] [04:45:46,246] [x8000a4be0] StarSystem.update - starsystem c
[ WARN] [2020-11-15] [04:45:46,246] [x8000a59e0] .setThreadPriority - Failed to set thread priority: ENOTSUP Attempt was made to set the policy or scheduling parameters to an unsupported value
[ INFO] [2020-11-15] [04:45:46,246] [x8000a59e0] Galaxy.galaxyWorker - tick 22
[ WARN] [2020-11-15] [04:45:46,246] [x8000a59e0] .setThreadPriority - Failed to set thread priority: ENOTSUP Attempt was made to set the policy or scheduling parameters to an unsupported value
[ INFO] [2020-11-15] [04:45:46,296] [x8000935e0] StarSystem.update - starsystem b
[ INFO] [2020-11-15] [04:45:46,296] [x8000a4be0] StarSystem.update - starsystem a
[ INFO] [2020-11-15] [04:45:46,346] [x8000935e0] StarSystem.update - starsystem c
[ WARN] [2020-11-15] [04:45:46,346] [x8000a59e0] .setThreadPriority - Failed to set thread priority: ENOTSUP Attempt was made to set the policy or scheduling parameters to an unsupported value
[ INFO] [2020-11-15] [04:45:47,245] [x8000a59e0] Galaxy.galaxyWorker - tick 23
[ WARN] [2020-11-15] [04:45:47,245] [x8000a59e0] .setThreadPriority - Failed to set thread priority: ENOTSUP Attempt was made to set the policy or scheduling parameters to an unsupported value
[ INFO] [2020-11-15] [04:45:47,295] [x8000935e0] StarSystem.update - starsystem a
[ INFO] [2020-11-15] [04:45:47,295] [x8000a4be0] StarSystem.update - starsystem b
[ INFO] [2020-11-15] [04:45:47,345] [x8000935e0] StarSystem.update - starsystem c
[ WARN] [2020-11-15] [04:45:47,345] [x8000a59e0] .setThreadPriority - Failed to set thread priority: ENOTSUP Attempt was made to set the policy or scheduling parameters to an unsupported value
[FATAL] [2020-11-15] [04:46:47,213] [x800018040] .main - ### Starting ###
[ INFO] [2020-11-15] [04:46:47,214] [x80009b8d0] Galaxy.galaxyWorker - tick 1
[ INFO] [2020-11-15] [04:46:47,264] [x8000acbb0] StarSystem.update - starsystem a
[ INFO] [2020-11-15] [04:46:47,264] [x80009b6b0] StarSystem.update - starsystem b
[ INFO] [2020-11-15] [04:46:47,314] [x80009b6b0] StarSystem.update - starsystem b
[ INFO] [2020-11-15] [04:46:47,314] [x8000acbb0] StarSystem.update - starsystem a
[ INFO] [2020-11-15] [04:46:47,364] [x80009b6b0] StarSystem.update - starsystem c
[ INFO] [2020-11-15] [04:46:48,313] [x80009b8d0] Galaxy.galaxyWorker - tick 2
[ INFO] [2020-11-15] [04:46:48,363] [x8000acbb0] StarSystem.update - starsystem b
[ INFO] [2020-11-15] [04:46:48,363] [x80009b6b0] StarSystem.update - starsystem a
[ INFO] [2020-11-15] [04:46:48,413] [x8000acbb0] StarSystem.update - starsystem c
[ INFO] [2020-11-15] [04:46:49,314] [x80009b8d0] Galaxy.galaxyWorker - tick 3
[ INFO] [2020-11-15] [04:46:49,364] [x8000acbb0] StarSystem.update - starsystem b
[ INFO] [2020-11-15] [04:46:49,364] [x80009b6b0] StarSystem.update - starsystem a
[ INFO] [2020-11-15] [04:46:49,414] [x8000acbb0] StarSystem.update - starsystem c
[ INFO] [2020-11-15] [04:46:50,314] [x80009b8d0] Galaxy.galaxyWorker - tick 4
[ INFO] [2020-11-15] [04:46:50,364] [x80009b6b0] StarSystem.update - starsystem b
[ INFO] [2020-11-15] [04:46:50,364] [x8000acbb0] StarSystem.update - starsystem a
[ INFO] [2020-11-15] [04:46:50,414] [x80009b6b0] StarSystem.update - starsystem c
[ INFO] [2020-11-15] [04:46:51,314] [x80009b8d0] Galaxy.galaxyWorker - tick 5
[ INFO] [2020-11-15] [04:46:51,364] [x8000acbb0] StarSystem.update - starsystem a
[ INFO] [2020-11-15] [04:46:51,364] [x80009b6b0] StarSystem.update - starsystem b
[ INFO] [2020-11-15] [04:46:51,414] [x8000acbb0] StarSystem.update - starsystem c
[ INFO] [2020-11-15] [04:46:52,314] [x80009b8d0] Galaxy.galaxyWorker - tick 6
[ INFO] [2020-11-15] [04:46:52,364] [x80009b6b0] StarSystem.update - starsystem a
[ INFO] [2020-11-15] [04:46:52,364] [x8000acbb0] StarSystem.update - starsystem b
[ INFO] [2020-11-15] [04:46:52,414] [x80009b6b0] StarSystem.update - starsystem c
[FATAL] [2020-11-15] [04:48:58,724] [x800018040] .main - ### Starting ###
[ INFO] [2020-11-15] [04:48:58,725] [x80009b8d0] Galaxy.galaxyWorker - tick 1
[ WARN] [2020-11-15] [04:48:58,725] [x80009b8d0] .setThreadPriority - Failed to set thread priority: ENOTSUP Attempt was made to set the policy or scheduling parameters to an unsupported value
[ INFO] [2020-11-15] [04:48:58,775] [x8000acbb0] StarSystem.update - starsystem a
[ INFO] [2020-11-15] [04:48:58,775] [x80009b6b0] StarSystem.update - starsystem b
[ INFO] [2020-11-15] [04:48:58,825] [x8000acbb0] StarSystem.update - starsystem a
[ INFO] [2020-11-15] [04:48:58,825] [x80009b6b0] StarSystem.update - starsystem b
[ WARN] [2020-11-15] [04:48:58,825] [x80009b8d0] .setThreadPriority - Failed to set thread priority: ENOTSUP Attempt was made to set the policy or scheduling parameters to an unsupported value
[ INFO] [2020-11-15] [04:48:58,875] [x8000acbb0] StarSystem.update - starsystem c
[ INFO] [2020-11-15] [04:48:59,824] [x80009b8d0] Galaxy.galaxyWorker - tick 2
[ WARN] [2020-11-15] [04:48:59,824] [x80009b8d0] .setThreadPriority - Failed to set thread priority: ENOTSUP Attempt was made to set the policy or scheduling parameters to an unsupported value
[ INFO] [2020-11-15] [04:48:59,874] [x80009b6b0] StarSystem.update - starsystem b
[ INFO] [2020-11-15] [04:48:59,874] [x8000acbb0] StarSystem.update - starsystem a
[ INFO] [2020-11-15] [04:48:59,924] [x80009b6b0] StarSystem.update - starsystem c
[ WARN] [2020-11-15] [04:48:59,924] [x80009b8d0] .setThreadPriority - Failed to set thread priority: ENOTSUP Attempt was made to set the policy or scheduling parameters to an unsupported value
[ INFO] [2020-11-15] [04:49:00,825] [x80009b8d0] Galaxy.galaxyWorker - tick 3
[ WARN] [2020-11-15] [04:49:00,825] [x80009b8d0] .setThreadPriority - Failed to set thread priority: ENOTSUP Attempt was made to set the policy or scheduling parameters to an unsupported value
[ INFO] [2020-11-15] [04:49:00,875] [x8000acbb0] StarSystem.update - starsystem b
[ INFO] [2020-11-15] [04:49:00,875] [x80009b6b0] StarSystem.update - starsystem a
[ INFO] [2020-11-15] [04:49:00,925] [x8000acbb0] StarSystem.update - starsystem c
[ WARN] [2020-11-15] [04:49:00,925] [x80009b8d0] .setThreadPriority - Failed to set thread priority: ENOTSUP Attempt was made to set the policy or scheduling parameters to an unsupported value
[ INFO] [2020-11-15] [04:49:01,825] [x80009b8d0] Galaxy.galaxyWorker - tick 4
[ WARN] [2020-11-15] [04:49:01,825] [x80009b8d0] .setThreadPriority - Failed to set thread priority: ENOTSUP Attempt was made to set the policy or scheduling parameters to an unsupported value
[ INFO] [2020-11-15] [04:49:01,875] [x80009b6b0] StarSystem.update - starsystem b
[ INFO] [2020-11-15] [04:49:01,875] [x8000acbb0] StarSystem.update - starsystem a
[ INFO] [2020-11-15] [04:49:01,925] [x80009b6b0] StarSystem.update - starsystem c
[ WARN] [2020-11-15] [04:49:01,925] [x80009b8d0] .setThreadPriority - Failed to set thread priority: ENOTSUP Attempt was made to set the policy or scheduling parameters to an unsupported value
[ INFO] [2020-11-15] [04:49:02,825] [x80009b8d0] Galaxy.galaxyWorker - tick 5
[ WARN] [2020-11-15] [04:49:02,825] [x80009b8d0] .setThreadPriority - Failed to set thread priority: ENOTSUP Attempt was made to set the policy or scheduling parameters to an unsupported value
[ INFO] [2020-11-15] [04:49:02,875] [x8000acbb0] StarSystem.update - starsystem a
[ INFO] [2020-11-15] [04:49:02,875] [x80009b6b0] StarSystem.update - starsystem b
[ INFO] [2020-11-15] [04:49:02,925] [x8000acbb0] StarSystem.update - starsystem c
[ WARN] [2020-11-15] [04:49:02,925] [x80009b8d0] .setThreadPriority - Failed to set thread priority: ENOTSUP Attempt was made to set the policy or scheduling parameters to an unsupported value
[ INFO] [2020-11-15] [04:49:03,825] [x80009b8d0] Galaxy.galaxyWorker - tick 6
[ WARN] [2020-11-15] [04:49:03,825] [x80009b8d0] .setThreadPriority - Failed to set thread priority: ENOTSUP Attempt was made to set the policy or scheduling parameters to an unsupported value
[ INFO] [2020-11-15] [04:49:03,875] [x80009b6b0] StarSystem.update - starsystem b
[ INFO] [2020-11-15] [04:49:03,875] [x8000acbb0] StarSystem.update - starsystem a
[ INFO] [2020-11-15] [04:49:03,925] [x80009b6b0] StarSystem.update - starsystem c
[ WARN] [2020-11-15] [04:49:03,925] [x80009b8d0] .setThreadPriority - Failed to set thread priority: ENOTSUP Attempt was made to set the policy or scheduling parameters to an unsupported value
[FATAL] [2020-11-15] [05:08:42,883] [x800018040] .main - ### Starting ###
[ INFO] [2020-11-15] [05:08:42,884] [x8000ad8e0] Galaxy.galaxyWorker - tick 1
[ INFO] [2020-11-15] [05:08:42,934] [x8000acfc0] StarSystem.update - starsystem a
[ INFO] [2020-11-15] [05:08:42,934] [x8000ad6c0] StarSystem.update - starsystem b
[ INFO] [2020-11-15] [05:08:42,984] [x8000acfc0] StarSystem.update - starsystem a
[ INFO] [2020-11-15] [05:08:42,984] [x8000ad6c0] StarSystem.update - starsystem b
[ INFO] [2020-11-15] [05:08:43,034] [x8000acfc0] StarSystem.update - starsystem c
[ INFO] [2020-11-15] [05:08:43,983] [x8000ad8e0] Galaxy.galaxyWorker - tick 2
[ INFO] [2020-11-15] [05:08:44,033] [x8000acfc0] StarSystem.update - starsystem a
[ INFO] [2020-11-15] [05:08:44,033] [x8000ad6c0] StarSystem.update - starsystem b
[ INFO] [2020-11-15] [05:08:44,083] [x8000acfc0] StarSystem.update - starsystem c
[ INFO] [2020-11-15] [05:08:44,984] [x8000ad8e0] Galaxy.galaxyWorker - tick 3
[ INFO] [2020-11-15] [05:08:45,034] [x8000ad6c0] StarSystem.update - starsystem a
[ INFO] [2020-11-15] [05:08:45,034] [x8000acfc0] StarSystem.update - starsystem b
[ INFO] [2020-11-15] [05:08:45,084] [x8000ad6c0] StarSystem.update - starsystem c
[ INFO] [2020-11-15] [05:08:45,984] [x8000ad8e0] Galaxy.galaxyWorker - tick 4
[ INFO] [2020-11-15] [05:08:46,034] [x8000ad6c0] StarSystem.update - starsystem b
[ INFO] [2020-11-15] [05:08:46,034] [x8000acfc0] StarSystem.update - starsystem a
[ INFO] [2020-11-15] [05:08:46,084] [x8000ad6c0] StarSystem.update - starsystem c
[ INFO] [2020-11-15] [05:08:46,984] [x8000ad8e0] Galaxy.galaxyWorker - tick 5
[ INFO] [2020-11-15] [05:08:47,038] [x8000ad6c0] StarSystem.update - starsystem a
[ INFO] [2020-11-15] [05:08:47,039] [x8000acfc0] StarSystem.update - starsystem b
[ INFO] [2020-11-15] [05:08:47,088] [x8000ad6c0] StarSystem.update - starsystem c
[ INFO] [2020-11-15] [05:08:47,988] [x8000ad8e0] Galaxy.galaxyWorker - tick 6
[ INFO] [2020-11-15] [05:08:48,038] [x8000acfc0] StarSystem.update - starsystem b
[ INFO] [2020-11-15] [05:08:48,038] [x8000ad6c0] StarSystem.update - starsystem a
[ INFO] [2020-11-15] [05:08:48,088] [x8000acfc0] StarSystem.update - starsystem c
[ INFO] [2020-11-15] [05:08:48,984] [x8000ad8e0] Galaxy.galaxyWorker - tick 7
[ INFO] [2020-11-15] [05:08:49,034] [x8000ad6c0] StarSystem.update - starsystem a
[ INFO] [2020-11-15] [05:08:49,034] [x8000acfc0] StarSystem.update - starsystem b
[ INFO] [2020-11-15] [05:08:49,084] [x8000ad6c0] StarSystem.update - starsystem c
[ INFO] [2020-11-15] [05:08:49,984] [x8000ad8e0] Galaxy.galaxyWorker - tick 8
[ INFO] [2020-11-15] [05:08:50,034] [x8000acfc0] StarSystem.update - starsystem b
[ INFO] [2020-11-15] [05:08:50,034] [x8000ad6c0] StarSystem.update - starsystem a
[ INFO] [2020-11-15] [05:08:50,084] [x8000acfc0] StarSystem.update - starsystem c
[ INFO] [2020-11-15] [05:08:50,984] [x8000ad8e0] Galaxy.galaxyWorker - tick 9
[ INFO] [2020-11-15] [05:08:51,034] [x8000ad6c0] StarSystem.update - starsystem b
[ INFO] [2020-11-15] [05:08:51,034] [x8000acfc0] StarSystem.update - starsystem a
[ INFO] [2020-11-15] [05:08:51,084] [x8000ad6c0] StarSystem.update - starsystem c
[ INFO] [2020-11-15] [05:08:51,984] [x8000ad8e0] Galaxy.galaxyWorker - tick 10
[ INFO] [2020-11-15] [05:08:52,034] [x8000ad6c0] StarSystem.update - starsystem b
[ INFO] [2020-11-15] [05:08:52,034] [x8000acfc0] StarSystem.update - starsystem a
[ INFO] [2020-11-15] [05:08:52,084] [x8000ad6c0] StarSystem.update - starsystem c
[ INFO] [2020-11-15] [05:08:52,984] [x8000ad8e0] Galaxy.galaxyWorker - tick 11
[ INFO] [2020-11-15] [05:08:53,034] [x8000ad6c0] StarSystem.update - starsystem a
[ INFO] [2020-11-15] [05:08:53,034] [x8000acfc0] StarSystem.update - starsystem b
[ INFO] [2020-11-15] [05:08:53,084] [x8000ad6c0] StarSystem.update - starsystem c
[ INFO] [2020-11-15] [05:08:53,984] [x8000ad8e0] Galaxy.galaxyWorker - tick 12
[ INFO] [2020-11-15] [05:08:54,034] [x8000ad6c0] StarSystem.update - starsystem a
[ INFO] [2020-11-15] [05:08:54,034] [x8000acfc0] StarSystem.update - starsystem b
[ INFO] [2020-11-15] [05:08:54,084] [x8000ad6c0] StarSystem.update - starsystem c
[ INFO] [2020-11-15] [05:08:54,984] [x8000ad8e0] Galaxy.galaxyWorker - tick 13
[ INFO] [2020-11-15] [05:08:55,034] [x8000acfc0] StarSystem.update - starsystem a
[ INFO] [2020-11-15] [05:08:55,034] [x8000ad6c0] StarSystem.update - starsystem b
[ INFO] [2020-11-15] [05:08:55,084] [x8000acfc0] StarSystem.update - starsystem c
[FATAL] [2020-11-15] [05:09:53,585] [x800018040] .main - ### Starting ###
[ INFO] [2020-11-15] [05:09:53,586] [x8000ad900] Galaxy.galaxyWorker - tick 1
[ INFO] [2020-11-15] [05:09:53,636] [x8000acfe0] StarSystem.update - starsystem a took 0ns
[ INFO] [2020-11-15] [05:09:53,636] [x8000ad6e0] StarSystem.update - starsystem b took 0ns
[ INFO] [2020-11-15] [05:09:53,686] [x8000acfe0] StarSystem.update - starsystem a took 49947659ns
[ INFO] [2020-11-15] [05:09:53,686] [x8000ad6e0] StarSystem.update - starsystem b took 49723552ns
[ INFO] [2020-11-15] [05:09:53,736] [x8000acfe0] StarSystem.update - starsystem c took 0ns
[ INFO] [2020-11-15] [05:09:54,685] [x8000ad900] Galaxy.galaxyWorker - tick 2
[ INFO] [2020-11-15] [05:09:54,735] [x8000ad6e0] StarSystem.update - starsystem b took 50036015ns
[ INFO] [2020-11-15] [05:09:54,735] [x8000acfe0] StarSystem.update - starsystem a took 50010562ns
[ INFO] [2020-11-15] [05:09:54,785] [x8000ad6e0] StarSystem.update - starsystem c took 49998859ns
[ INFO] [2020-11-15] [05:09:55,686] [x8000ad900] Galaxy.galaxyWorker - tick 3
[ INFO] [2020-11-15] [05:09:55,736] [x8000ad6e0] StarSystem.update - starsystem a took 49902897ns
[ INFO] [2020-11-15] [05:09:55,736] [x8000acfe0] StarSystem.update - starsystem b took 49882709ns
[ INFO] [2020-11-15] [05:09:55,786] [x8000ad6e0] StarSystem.update - starsystem c took 50035430ns
[ INFO] [2020-11-15] [05:09:56,686] [x8000ad900] Galaxy.galaxyWorker - tick 4
[ INFO] [2020-11-15] [05:09:56,736] [x8000ad6e0] StarSystem.update - starsystem a took 49995348ns
[ INFO] [2020-11-15] [05:09:56,736] [x8000acfe0] StarSystem.update - starsystem b took 50026653ns
[ INFO] [2020-11-15] [05:09:56,786] [x8000ad6e0] StarSystem.update - starsystem c took 49985401ns
[ INFO] [2020-11-15] [05:09:57,686] [x8000ad900] Galaxy.galaxyWorker - tick 5
[ INFO] [2020-11-15] [05:09:57,736] [x8000ad6e0] StarSystem.update - starsystem a took 49968725ns
[ INFO] [2020-11-15] [05:09:57,736] [x8000acfe0] StarSystem.update - starsystem b took 49993300ns
[ INFO] [2020-11-15] [05:09:57,786] [x8000ad6e0] StarSystem.update - starsystem c took 49991252ns
[ INFO] [2020-11-15] [05:09:58,686] [x8000ad900] Galaxy.galaxyWorker - tick 6
[ INFO] [2020-11-15] [05:09:58,736] [x8000acfe0] StarSystem.update - starsystem a took 49935371ns
[ INFO] [2020-11-15] [05:09:58,736] [x8000ad6e0] StarSystem.update - starsystem b took 49971943ns
[ INFO] [2020-11-15] [05:09:58,786] [x8000acfe0] StarSystem.update - starsystem c took 50001785ns
[ INFO] [2020-11-15] [05:09:59,686] [x8000ad900] Galaxy.galaxyWorker - tick 7
[ INFO] [2020-11-15] [05:09:59,736] [x8000acfe0] StarSystem.update - starsystem a took 49924547ns
[ INFO] [2020-11-15] [05:09:59,736] [x8000ad6e0] StarSystem.update - starsystem b took 49961410ns
[ INFO] [2020-11-15] [05:09:59,786] [x8000acfe0] StarSystem.update - starsystem c took 50002077ns
[ INFO] [2020-11-15] [05:10:00,686] [x8000ad900] Galaxy.galaxyWorker - tick 8
[ INFO] [2020-11-15] [05:10:00,736] [x8000acfe0] StarSystem.update - starsystem b took 49985108ns
[ INFO] [2020-11-15] [05:10:00,736] [x8000ad6e0] StarSystem.update - starsystem a took 49953803ns
[ INFO] [2020-11-15] [05:10:00,786] [x8000acfe0] StarSystem.update - starsystem c took 50045670ns
[ INFO] [2020-11-15] [05:10:01,686] [x8000ad900] Galaxy.galaxyWorker - tick 9
[ INFO] [2020-11-15] [05:10:01,736] [x8000ad6e0] StarSystem.update - starsystem b took 49983061ns
[ INFO] [2020-11-15] [05:10:01,736] [x8000acfe0] StarSystem.update - starsystem a took 50029579ns
[ INFO] [2020-11-15] [05:10:01,786] [x8000ad6e0] StarSystem.update - starsystem c took 49913136ns
[ INFO] [2020-11-15] [05:10:02,686] [x8000ad900] Galaxy.galaxyWorker - tick 10
[ INFO] [2020-11-15] [05:10:02,736] [x8000ad6e0] StarSystem.update - starsystem a took 50048010ns
[ INFO] [2020-11-15] [05:10:02,736] [x8000acfe0] StarSystem.update - starsystem b took 50012024ns
[ INFO] [2020-11-15] [05:10:02,786] [x8000ad6e0] StarSystem.update - starsystem c took 49956436ns
[ INFO] [2020-11-15] [05:10:03,686] [x8000ad900] Galaxy.galaxyWorker - tick 11
[ INFO] [2020-11-15] [05:10:03,736] [x8000acfe0] StarSystem.update - starsystem b took 49997982ns
[ INFO] [2020-11-15] [05:10:03,736] [x8000ad6e0] StarSystem.update - starsystem a took 49972235ns
[ INFO] [2020-11-15] [05:10:03,786] [x8000acfe0] StarSystem.update - starsystem c took 49968432ns
[ INFO] [2020-11-15] [05:10:04,686] [x8000ad900] Galaxy.galaxyWorker - tick 12
[ INFO] [2020-11-15] [05:10:04,736] [x8000ad6e0] StarSystem.update - starsystem b took 49961703ns
[ INFO] [2020-11-15] [05:10:04,736] [x8000acfe0] StarSystem.update - starsystem a took 50003833ns
[ INFO] [2020-11-15] [05:10:04,786] [x8000ad6e0] StarSystem.update - starsystem c took 49971065ns
[ INFO] [2020-11-15] [05:10:05,686] [x8000ad900] Galaxy.galaxyWorker - tick 13
[ INFO] [2020-11-15] [05:10:05,736] [x8000ad6e0] StarSystem.update - starsystem a took 50006173ns
[ INFO] [2020-11-15] [05:10:05,736] [x8000acfe0] StarSystem.update - starsystem b took 49967261ns
[ INFO] [2020-11-15] [05:10:05,786] [x8000ad6e0] StarSystem.update - starsystem c took 50094236ns
[ INFO] [2020-11-15] [05:10:06,685] [x8000ad900] Galaxy.galaxyWorker - tick 14
[ INFO] [2020-11-15] [05:10:06,735] [x8000ad6e0] StarSystem.update - starsystem b took 49973405ns
[ INFO] [2020-11-15] [05:10:06,735] [x8000acfe0] StarSystem.update - starsystem a took 49948244ns
[ INFO] [2020-11-15] [05:10:06,785] [x8000ad6e0] StarSystem.update - starsystem c took 49991252ns
[ INFO] [2020-11-15] [05:10:07,686] [x8000ad900] Galaxy.galaxyWorker - tick 15
[ INFO] [2020-11-15] [05:10:07,736] [x8000acfe0] StarSystem.update - starsystem b took 49963458ns
[ INFO] [2020-11-15] [05:10:07,736] [x8000ad6e0] StarSystem.update - starsystem a took 50011147ns
[ INFO] [2020-11-15] [05:10:07,786] [x8000acfe0] StarSystem.update - starsystem c took 49999152ns
[ INFO] [2020-11-15] [05:10:08,686] [x8000ad900] Galaxy.galaxyWorker - tick 16
[ INFO] [2020-11-15] [05:10:08,736] [x8000ad6e0] StarSystem.update - starsystem b took 50012610ns
[ INFO] [2020-11-15] [05:10:08,736] [x8000acfe0] StarSystem.update - starsystem a took 50051814ns
[ INFO] [2020-11-15] [05:10:08,786] [x8000ad6e0] StarSystem.update - starsystem c took 49953218ns
[ INFO] [2020-11-15] [05:10:09,686] [x8000ad900] Galaxy.galaxyWorker - tick 17
[ INFO] [2020-11-15] [05:10:09,736] [x8000acfe0] StarSystem.update - starsystem a took 50196928ns
[ INFO] [2020-11-15] [05:10:09,736] [x8000ad6e0] StarSystem.update - starsystem b took 50156261ns
[ INFO] [2020-11-15] [05:10:09,786] [x8000acfe0] StarSystem.update - starsystem c took 49809860ns
[ INFO] [2020-11-15] [05:10:10,686] [x8000ad900] Galaxy.galaxyWorker - tick 18
[ INFO] [2020-11-15] [05:10:10,736] [x8000acfe0] StarSystem.update - starsystem a took 49926302ns
[ INFO] [2020-11-15] [05:10:10,736] [x8000ad6e0] StarSystem.update - starsystem b took 49944733ns
[ INFO] [2020-11-15] [05:10:10,786] [x8000acfe0] StarSystem.update - starsystem c took 49972821ns
[FATAL] [2020-11-15] [05:10:37,211] [x800018040] .main - ### Starting ###
[ INFO] [2020-11-15] [05:10:37,212] [x8000ae5e0] Galaxy.galaxyWorker - tick 1
[ INFO] [2020-11-15] [05:10:37,262] [x8000ae3c0] StarSystem.update - starsystem b took 0ns
[ INFO] [2020-11-15] [05:10:37,262] [x8000adcc0] StarSystem.update - starsystem a took 0ns
[ INFO] [2020-11-15] [05:10:37,312] [x8000ae3c0] StarSystem.update - starsystem a took 49970187ns
[ INFO] [2020-11-15] [05:10:37,312] [x8000adcc0] StarSystem.update - starsystem b took 49721504ns
[ INFO] [2020-11-15] [05:10:37,362] [x8000ae3c0] StarSystem.update - starsystem c took 0ns
[ INFO] [2020-11-15] [05:10:37,362] [x8000adcc0] StarSystem.update - starsystem d took 0ns
[ INFO] [2020-11-15] [05:10:37,412] [x8000ae3c0] StarSystem.update - starsystem e took 0ns
[ INFO] [2020-11-15] [05:10:38,361] [x8000ae5e0] Galaxy.galaxyWorker - tick 2
[ INFO] [2020-11-15] [05:10:38,411] [x8000adcc0] StarSystem.update - starsystem b took 49995349ns
[ INFO] [2020-11-15] [05:10:38,411] [x8000ae3c0] StarSystem.update - starsystem a took 49983645ns
[ INFO] [2020-11-15] [05:10:38,461] [x8000ae3c0] StarSystem.update - starsystem d took 50063517ns
[ INFO] [2020-11-15] [05:10:38,461] [x8000adcc0] StarSystem.update - starsystem c took 50045085ns
[ INFO] [2020-11-15] [05:10:38,511] [x8000ae3c0] StarSystem.update - starsystem e took 49956730ns
[ INFO] [2020-11-15] [05:10:39,362] [x8000ae5e0] Galaxy.galaxyWorker - tick 3
[ INFO] [2020-11-15] [05:10:39,412] [x8000ae3c0] StarSystem.update - starsystem a took 49961118ns
[ INFO] [2020-11-15] [05:10:39,412] [x8000adcc0] StarSystem.update - starsystem b took 49910211ns
[ INFO] [2020-11-15] [05:10:39,462] [x8000adcc0] StarSystem.update - starsystem d took 50213605ns
[ INFO] [2020-11-15] [05:10:39,462] [x8000ae3c0] StarSystem.update - starsystem c took 50276800ns
[ INFO] [2020-11-15] [05:10:39,512] [x8000adcc0] StarSystem.update - starsystem e took 49742861ns
[ INFO] [2020-11-15] [05:10:40,362] [x8000ae5e0] Galaxy.galaxyWorker - tick 4
[ INFO] [2020-11-15] [05:10:40,412] [x8000ae3c0] StarSystem.update - starsystem b took 50029871ns
[ INFO] [2020-11-15] [05:10:40,412] [x8000adcc0] StarSystem.update - starsystem a took 49999152ns
[ INFO] [2020-11-15] [05:10:40,462] [x8000ae3c0] StarSystem.update - starsystem c took 50006173ns
[ INFO] [2020-11-15] [05:10:40,462] [x8000adcc0] StarSystem.update - starsystem d took 49947367ns
[ INFO] [2020-11-15] [05:10:40,512] [x8000ae3c0] StarSystem.update - starsystem e took 49973698ns
[ INFO] [2020-11-15] [05:10:41,362] [x8000ae5e0] Galaxy.galaxyWorker - tick 5
[ INFO] [2020-11-15] [05:10:41,412] [x8000adcc0] StarSystem.update - starsystem b took 50028993ns
[ INFO] [2020-11-15] [05:10:41,412] [x8000ae3c0] StarSystem.update - starsystem a took 50069368ns
[ INFO] [2020-11-15] [05:10:41,462] [x8000adcc0] StarSystem.update - starsystem c took 49929520ns
[ INFO] [2020-11-15] [05:10:41,462] [x8000ae3c0] StarSystem.update - starsystem d took 49934786ns
[ INFO] [2020-11-15] [05:10:41,512] [x8000adcc0] StarSystem.update - starsystem e took 49953218ns
[ INFO] [2020-11-15] [05:10:42,363] [x8000ae5e0] Galaxy.galaxyWorker - tick 6
[ INFO] [2020-11-15] [05:10:42,413] [x8000ae3c0] StarSystem.update - starsystem b took 49909918ns
[ INFO] [2020-11-15] [05:10:42,413] [x8000adcc0] StarSystem.update - starsystem a took 49938882ns
[ INFO] [2020-11-15] [05:10:42,463] [x8000adcc0] StarSystem.update - starsystem d took 50227355ns
[ INFO] [2020-11-15] [05:10:42,463] [x8000ae3c0] StarSystem.update - starsystem c took 50219164ns
[ INFO] [2020-11-15] [05:10:42,513] [x8000adcc0] StarSystem.update - starsystem e took 49777969ns
[ INFO] [2020-11-15] [05:10:43,363] [x8000ae5e0] Galaxy.galaxyWorker - tick 7
[ INFO] [2020-11-15] [05:10:43,413] [x8000adcc0] StarSystem.update - starsystem a took 49935664ns
[ INFO] [2020-11-15] [05:10:43,413] [x8000ae3c0] StarSystem.update - starsystem b took 49895289ns
[ INFO] [2020-11-15] [05:10:43,463] [x8000ae3c0] StarSystem.update - starsystem d took 49979549ns
[ INFO] [2020-11-15] [05:10:43,463] [x8000adcc0] StarSystem.update - starsystem c took 50037771ns
[ INFO] [2020-11-15] [05:10:43,513] [x8000ae3c0] StarSystem.update - starsystem e took 49954681ns
[ INFO] [2020-11-15] [05:10:44,363] [x8000ae5e0] Galaxy.galaxyWorker - tick 8
[ INFO] [2020-11-15] [05:10:44,413] [x8000adcc0] StarSystem.update - starsystem b took 49964921ns
[ INFO] [2020-11-15] [05:10:44,413] [x8000ae3c0] StarSystem.update - starsystem a took 49936835ns
[ INFO] [2020-11-15] [05:10:44,463] [x8000ae3c0] StarSystem.update - starsystem d took 50165330ns
[ INFO] [2020-11-15] [05:10:44,463] [x8000adcc0] StarSystem.update - starsystem c took 50231744ns
[ INFO] [2020-11-15] [05:10:44,513] [x8000ae3c0] StarSystem.update - starsystem e took 49769485ns
[ INFO] [2020-11-15] [05:10:45,363] [x8000ae5e0] Galaxy.galaxyWorker - tick 9
[ INFO] [2020-11-15] [05:10:45,413] [x8000adcc0] StarSystem.update - starsystem b took 50018754ns
[ INFO] [2020-11-15] [05:10:45,413] [x8000ae3c0] StarSystem.update - starsystem a took 50054447ns
[ INFO] [2020-11-15] [05:10:45,463] [x8000adcc0] StarSystem.update - starsystem c took 50232914ns
[ INFO] [2020-11-15] [05:10:45,463] [x8000ae3c0] StarSystem.update - starsystem d took 50164746ns
[ INFO] [2020-11-15] [05:10:45,513] [x8000adcc0] StarSystem.update - starsystem e took 49764219ns
[ INFO] [2020-11-15] [05:10:46,363] [x8000ae5e0] Galaxy.galaxyWorker - tick 10
[ INFO] [2020-11-15] [05:10:46,413] [x8000ae3c0] StarSystem.update - starsystem b took 50063809ns
[ INFO] [2020-11-15] [05:10:46,413] [x8000adcc0] StarSystem.update - starsystem a took 50100673ns
[ INFO] [2020-11-15] [05:10:46,463] [x8000adcc0] StarSystem.update - starsystem d took 49905237ns
[ INFO] [2020-11-15] [05:10:46,463] [x8000ae3c0] StarSystem.update - starsystem c took 49906115ns
[ INFO] [2020-11-15] [05:10:46,513] [x8000adcc0] StarSystem.update - starsystem e took 50024312ns
[ INFO] [2020-11-15] [05:10:47,363] [x8000ae5e0] Galaxy.galaxyWorker - tick 11
[ INFO] [2020-11-15] [05:10:47,413] [x8000ae3c0] StarSystem.update - starsystem a took 50048010ns
[ INFO] [2020-11-15] [05:10:47,413] [x8000adcc0] StarSystem.update - starsystem b took 50012317ns
[ INFO] [2020-11-15] [05:10:47,463] [x8000adcc0] StarSystem.update - starsystem d took 49982475ns
[ INFO] [2020-11-15] [05:10:47,463] [x8000ae3c0] StarSystem.update - starsystem c took 50049766ns
[ INFO] [2020-11-15] [05:10:47,513] [x8000adcc0] StarSystem.update - starsystem e took 49936249ns
[ INFO] [2020-11-15] [05:10:48,363] [x8000ae5e0] Galaxy.galaxyWorker - tick 12
[ INFO] [2020-11-15] [05:10:48,413] [x8000ae3c0] StarSystem.update - starsystem b took 49995934ns
[ INFO] [2020-11-15] [05:10:48,413] [x8000adcc0] StarSystem.update - starsystem a took 49973113ns
[ INFO] [2020-11-15] [05:10:48,463] [x8000adcc0] StarSystem.update - starsystem d took 49934786ns
[ INFO] [2020-11-15] [05:10:48,463] [x8000ae3c0] StarSystem.update - starsystem c took 49992130ns
[ INFO] [2020-11-15] [05:10:48,513] [x8000adcc0] StarSystem.update - starsystem e took 49951463ns
[ INFO] [2020-11-15] [05:10:49,362] [x8000ae5e0] Galaxy.galaxyWorker - tick 13
[ INFO] [2020-11-15] [05:10:49,412] [x8000ae3c0] StarSystem.update - starsystem b took 50186104ns
[ INFO] [2020-11-15] [05:10:49,412] [x8000adcc0] StarSystem.update - starsystem a took 50222089ns
[ INFO] [2020-11-15] [05:10:49,462] [x8000ae3c0] StarSystem.update - starsystem c took 50017583ns
[ INFO] [2020-11-15] [05:10:49,462] [x8000adcc0] StarSystem.update - starsystem d took 49950000ns
[ INFO] [2020-11-15] [05:10:49,512] [x8000ae3c0] StarSystem.update - starsystem e took 49803715ns
[ INFO] [2020-11-15] [05:10:50,362] [x8000ae5e0] Galaxy.galaxyWorker - tick 14
[ INFO] [2020-11-15] [05:10:50,412] [x8000ae3c0] StarSystem.update - starsystem b took 50243154ns
[ INFO] [2020-11-15] [05:10:50,412] [x8000adcc0] StarSystem.update - starsystem a took 50270363ns
[ INFO] [2020-11-15] [05:10:50,462] [x8000ae3c0] StarSystem.update - starsystem c took 49727063ns
[ INFO] [2020-11-15] [05:10:50,462] [x8000adcc0] StarSystem.update - starsystem d took 49735255ns
[ INFO] [2020-11-15] [05:10:50,512] [x8000ae3c0] StarSystem.update - starsystem e took 49951755ns
[ INFO] [2020-11-15] [05:10:51,362] [x8000ae5e0] Galaxy.galaxyWorker - tick 15
[ INFO] [2020-11-15] [05:10:51,412] [x8000ae3c0] StarSystem.update - starsystem a took 50018169ns
[ INFO] [2020-11-15] [05:10:51,412] [x8000adcc0] StarSystem.update - starsystem b took 49984523ns
[ INFO] [2020-11-15] [05:10:51,462] [x8000ae3c0] StarSystem.update - starsystem c took 49995056ns
[ INFO] [2020-11-15] [05:10:51,462] [x8000adcc0] StarSystem.update - starsystem d took 49990082ns
[ INFO] [2020-11-15] [05:10:51,512] [x8000ae3c0] StarSystem.update - starsystem e took 49961118ns
[ INFO] [2020-11-15] [05:10:52,362] [x8000ae5e0] Galaxy.galaxyWorker - tick 16
[ INFO] [2020-11-15] [05:10:52,412] [x8000adcc0] StarSystem.update - starsystem b took 50009684ns
[ INFO] [2020-11-15] [05:10:52,412] [x8000ae3c0] StarSystem.update - starsystem a took 49980134ns
[ INFO] [2020-11-15] [05:10:52,462] [x8000adcc0] StarSystem.update - starsystem c took 50007929ns
[ INFO] [2020-11-15] [05:10:52,462] [x8000ae3c0] StarSystem.update - starsystem d took 50002077ns
[ INFO] [2020-11-15] [05:10:52,512] [x8000adcc0] StarSystem.update - starsystem e took 49979550ns
[ INFO] [2020-11-15] [05:10:53,362] [x8000ae5e0] Galaxy.galaxyWorker - tick 17
[ INFO] [2020-11-15] [05:10:53,412] [x8000adcc0] StarSystem.update - starsystem b took 50127004ns
[ INFO] [2020-11-15] [05:10:53,412] [x8000ae3c0] StarSystem.update - starsystem a took 50166209ns
[ INFO] [2020-11-15] [05:10:53,462] [x8000ae3c0] StarSystem.update - starsystem d took 49862522ns
[ INFO] [2020-11-15] [05:10:53,462] [x8000adcc0] StarSystem.update - starsystem c took 49863107ns
[ INFO] [2020-11-15] [05:10:53,512] [x8000ae3c0] StarSystem.update - starsystem e took 49974576ns
[ INFO] [2020-11-15] [05:10:54,362] [x8000ae5e0] Galaxy.galaxyWorker - tick 18
[ INFO] [2020-11-15] [05:10:54,412] [x8000adcc0] StarSystem.update - starsystem b took 49990081ns
[ INFO] [2020-11-15] [05:10:54,412] [x8000ae3c0] StarSystem.update - starsystem a took 50027531ns
[ INFO] [2020-11-15] [05:10:54,462] [x8000ae3c0] StarSystem.update - starsystem d took 49967554ns
[ INFO] [2020-11-15] [05:10:54,462] [x8000adcc0] StarSystem.update - starsystem c took 50027238ns
[ INFO] [2020-11-15] [05:10:54,512] [x8000ae3c0] StarSystem.update - starsystem e took 49987156ns
[ INFO] [2020-11-15] [05:10:55,362] [x8000ae5e0] Galaxy.galaxyWorker - tick 19
[ INFO] [2020-11-15] [05:10:55,412] [x8000ae3c0] StarSystem.update - starsystem a took 49988911ns
[ INFO] [2020-11-15] [05:10:55,412] [x8000adcc0] StarSystem.update - starsystem b took 49961703ns
[ INFO] [2020-11-15] [05:10:55,462] [x8000adcc0] StarSystem.update - starsystem d took 50064687ns
[ INFO] [2020-11-15] [05:10:55,462] [x8000ae3c0] StarSystem.update - starsystem c took 50123786ns
[ INFO] [2020-11-15] [05:10:55,512] [x8000adcc0] StarSystem.update - starsystem e took 49931861ns
[ INFO] [2020-11-15] [05:10:56,362] [x8000ae5e0] Galaxy.galaxyWorker - tick 20
[ INFO] [2020-11-15] [05:10:56,412] [x8000adcc0] StarSystem.update - starsystem a took 49970187ns
[ INFO] [2020-11-15] [05:10:56,412] [x8000ae3c0] StarSystem.update - starsystem b took 50000322ns
[ INFO] [2020-11-15] [05:10:56,462] [x8000adcc0] StarSystem.update - starsystem c took 50066735ns
[ INFO] [2020-11-15] [05:10:56,462] [x8000ae3c0] StarSystem.update - starsystem d took 50003832ns
[ INFO] [2020-11-15] [05:10:56,512] [x8000adcc0] StarSystem.update - starsystem e took 49950878ns
[ INFO] [2020-11-15] [05:10:57,362] [x8000ae5e0] Galaxy.galaxyWorker - tick 21
[ INFO] [2020-11-15] [05:10:57,412] [x8000adcc0] StarSystem.update - starsystem a took 50223552ns
[ INFO] [2020-11-15] [05:10:57,412] [x8000ae3c0] StarSystem.update - starsystem b took 50245495ns
[ INFO] [2020-11-15] [05:10:57,462] [x8000adcc0] StarSystem.update - starsystem c took 49749297ns
[ INFO] [2020-11-15] [05:10:57,462] [x8000ae3c0] StarSystem.update - starsystem d took 49751053ns
[ INFO] [2020-11-15] [05:10:57,512] [x8000adcc0] StarSystem.update - starsystem e took 49996226ns
[ INFO] [2020-11-15] [05:10:58,362] [x8000ae5e0] Galaxy.galaxyWorker - tick 22
[ INFO] [2020-11-15] [05:10:58,412] [x8000adcc0] StarSystem.update - starsystem b took 50201316ns
[ INFO] [2020-11-15] [05:10:58,412] [x8000ae3c0] StarSystem.update - starsystem a took 50172645ns
[ INFO] [2020-11-15] [05:10:58,462] [x8000ae3c0] StarSystem.update - starsystem d took 50090140ns
[ INFO] [2020-11-15] [05:10:58,462] [x8000adcc0] StarSystem.update - starsystem c took 50098040ns
[ INFO] [2020-11-15] [05:10:58,512] [x8000ae3c0] StarSystem.update - starsystem e took 49693710ns
[ INFO] [2020-11-15] [05:10:59,362] [x8000ae5e0] Galaxy.galaxyWorker - tick 23
[ INFO] [2020-11-15] [05:10:59,412] [x8000adcc0] StarSystem.update - starsystem b took 49933031ns
[ INFO] [2020-11-15] [05:10:59,412] [x8000ae3c0] StarSystem.update - starsystem a took 49976331ns
[ INFO] [2020-11-15] [05:10:59,462] [x8000ae3c0] StarSystem.update - starsystem d took 49965799ns
[ INFO] [2020-11-15] [05:10:59,462] [x8000adcc0] StarSystem.update - starsystem c took 50039818ns
[ INFO] [2020-11-15] [05:10:59,512] [x8000ae3c0] StarSystem.update - starsystem e took 49953511ns
[ INFO] [2020-11-15] [05:11:00,363] [x8000ae5e0] Galaxy.galaxyWorker - tick 24
[ INFO] [2020-11-15] [05:11:00,413] [x8000adcc0] StarSystem.update - starsystem b took 50172938ns
[ INFO] [2020-11-15] [05:11:00,413] [x8000ae3c0] StarSystem.update - starsystem a took 50213312ns
[ INFO] [2020-11-15] [05:11:00,463] [x8000ae3c0] StarSystem.update - starsystem d took 49734084ns
[ INFO] [2020-11-15] [05:11:00,463] [x8000adcc0] StarSystem.update - starsystem c took 49796109ns
[ INFO] [2020-11-15] [05:11:00,513] [x8000ae3c0] StarSystem.update - starsystem e took 49979550ns
[ INFO] [2020-11-15] [05:11:01,363] [x8000ae5e0] Galaxy.galaxyWorker - tick 25
[ INFO] [2020-11-15] [05:11:01,413] [x8000adcc0] StarSystem.update - starsystem b took 49930398ns
[ INFO] [2020-11-15] [05:11:01,413] [x8000ae3c0] StarSystem.update - starsystem a took 49973698ns
[ INFO] [2020-11-15] [05:11:01,463] [x8000adcc0] StarSystem.update - starsystem c took 50009977ns
[ INFO] [2020-11-15] [05:11:01,463] [x8000ae3c0] StarSystem.update - starsystem d took 49947660ns
[ INFO] [2020-11-15] [05:11:01,513] [x8000adcc0] StarSystem.update - starsystem e took 50002077ns
[ INFO] [2020-11-15] [05:11:02,363] [x8000ae5e0] Galaxy.galaxyWorker - tick 26
[ INFO] [2020-11-15] [05:11:02,413] [x8000ae3c0] StarSystem.update - starsystem b took 49911381ns
[ INFO] [2020-11-15] [05:11:02,413] [x8000adcc0] StarSystem.update - starsystem a took 49942978ns
[ INFO] [2020-11-15] [05:11:02,463] [x8000adcc0] StarSystem.update - starsystem d took 50100673ns
[ INFO] [2020-11-15] [05:11:02,463] [x8000ae3c0] StarSystem.update - starsystem c took 50091604ns
[ INFO] [2020-11-15] [05:11:02,513] [x8000adcc0] StarSystem.update - starsystem e took 49903481ns
[ INFO] [2020-11-15] [05:11:03,363] [x8000ae5e0] Galaxy.galaxyWorker - tick 27
[ INFO] [2020-11-15] [05:11:03,413] [x8000adcc0] StarSystem.update - starsystem a took 49975161ns
[ INFO] [2020-11-15] [05:11:03,413] [x8000ae3c0] StarSystem.update - starsystem b took 49945319ns
[ INFO] [2020-11-15] [05:11:03,463] [x8000ae3c0] StarSystem.update - starsystem d took 50146898ns
[ INFO] [2020-11-15] [05:11:03,463] [x8000adcc0] StarSystem.update - starsystem c took 50203364ns
[ INFO] [2020-11-15] [05:11:03,513] [x8000ae3c0] StarSystem.update - starsystem e took 49789672ns
[ INFO] [2020-11-15] [05:11:04,363] [x8000ae5e0] Galaxy.galaxyWorker - tick 28
[ INFO] [2020-11-15] [05:11:04,413] [x8000adcc0] StarSystem.update - starsystem a took 49998566ns
[ INFO] [2020-11-15] [05:11:04,413] [x8000ae3c0] StarSystem.update - starsystem b took 50028408ns
[ INFO] [2020-11-15] [05:11:04,463] [x8000adcc0] StarSystem.update - starsystem c took 50132563ns
[ INFO] [2020-11-15] [05:11:04,463] [x8000ae3c0] StarSystem.update - starsystem d took 50065272ns
[ INFO] [2020-11-15] [05:11:04,513] [x8000adcc0] StarSystem.update - starsystem e took 49883880ns
[ INFO] [2020-11-15] [05:11:05,363] [x8000ae5e0] Galaxy.galaxyWorker - tick 29
[ INFO] [2020-11-15] [05:11:05,413] [x8000ae3c0] StarSystem.update - starsystem b took 50000907ns
[ INFO] [2020-11-15] [05:11:05,413] [x8000adcc0] StarSystem.update - starsystem a took 49979256ns
[ INFO] [2020-11-15] [05:11:05,463] [x8000adcc0] StarSystem.update - starsystem d took 50006759ns
[ INFO] [2020-11-15] [05:11:05,463] [x8000ae3c0] StarSystem.update - starsystem c took 49997104ns
[ INFO] [2020-11-15] [05:11:05,513] [x8000adcc0] StarSystem.update - starsystem e took 49977209ns
[ INFO] [2020-11-15] [05:11:06,363] [x8000ae5e0] Galaxy.galaxyWorker - tick 30
[ INFO] [2020-11-15] [05:11:06,413] [x8000ae3c0] StarSystem.update - starsystem b took 49977794ns
[ INFO] [2020-11-15] [05:11:06,413] [x8000adcc0] StarSystem.update - starsystem a took 50011732ns
[ INFO] [2020-11-15] [05:11:06,463] [x8000adcc0] StarSystem.update - starsystem d took 50186688ns
[ INFO] [2020-11-15] [05:11:06,463] [x8000ae3c0] StarSystem.update - starsystem c took 50233500ns
[ INFO] [2020-11-15] [05:11:06,513] [x8000adcc0] StarSystem.update - starsystem e took 49775336ns
[ INFO] [2020-11-15] [05:11:07,363] [x8000ae5e0] Galaxy.galaxyWorker - tick 31
[ INFO] [2020-11-15] [05:11:07,413] [x8000adcc0] StarSystem.update - starsystem b took 49950585ns
[ INFO] [2020-11-15] [05:11:07,413] [x8000ae3c0] StarSystem.update - starsystem a took 49995056ns
[ INFO] [2020-11-15] [05:11:07,463] [x8000adcc0] StarSystem.update - starsystem c took 50289088ns
[ INFO] [2020-11-15] [05:11:07,463] [x8000ae3c0] StarSystem.update - starsystem d took 50220626ns
[ INFO] [2020-11-15] [05:11:07,513] [x8000adcc0] StarSystem.update - starsystem e took 49737595ns
